<?xml version="1.0" encoding="UTF-8"?>
<!-- Generated by org.testng.reporters.JUnitReportReporter -->
<testsuite hostname="SKY" failures="0" tests="2" name="p1.nikTest" time="0.039" errors="0" timestamp="2024-07-04T17:24:29 IST" skipped="0">
  <testcase classname="p1.nikTest" name="tes1" time="0.033"/>
  <system-out/>
  <testcase classname="p1.nikTest" name="tes2" time="0.006"/>
  <system-out/>
</testsuite> <!-- p1.nikTest -->
