<?xml version="1.0" encoding="UTF-8"?>
<!-- Generated by org.testng.reporters.JUnitReportReporter -->
<testsuite hostname="SKY" failures="0" tests="1" name="p1.test" time="0.025" errors="0" timestamp="2024-07-03T14:48:40 IST" skipped="0">
  <testcase classname="p1.test" name="b" time="0.025"/>
  <system-out/>
</testsuite> <!-- p1.test -->
