<?xml version="1.0" encoding="UTF-8"?>
<!-- Generated by org.testng.reporters.JUnitReportReporter -->
<testsuite hostname="SKY" failures="0" tests="2" name="p1.testngdemo" time="0.014" errors="0" timestamp="2024-07-03T19:52:20 IST" skipped="0">
  <testcase classname="p1.testngdemo" name="test2" time="0.002"/>
  <system-out/>
  <testcase classname="p1.testngdemo" name="test1" time="0.012"/>
  <system-out/>
</testsuite> <!-- p1.testngdemo -->
